Start testing: Jun 27 12:50 EDT
----------------------------------------------------------
1/1 Testing: test1
1/1 Test: test1
Command: "/home/cpurc002/Assignment1/build/Assignment1_test" "--gtest_color=yes"
Directory: /home/cpurc002/Assignment1/build
"test1" start time: Jun 27 12:50 EDT
Output:
----------------------------------------------------------
0 
0 
Passed Test
<end of output>
Test time =   0.00 sec
----------------------------------------------------------
Test Passed.
"test1" end time: Jun 27 12:50 EDT
"test1" time elapsed: 00:00:00
----------------------------------------------------------

End testing: Jun 27 12:50 EDT
